0 info it worked if it ends with ok
1 verbose cli [ '/usr/bin/node',
1 verbose cli   '/usr/bin/npm',
1 verbose cli   'install',
1 verbose cli   '-g',
1 verbose cli   'node-geocoder' ]
2 info using npm@1.4.28
3 info using node@v0.10.37
4 verbose node symlink /usr/bin/node
5 verbose cache add [ 'node-geocoder', null ]
6 verbose cache add name=undefined spec="node-geocoder" args=["node-geocoder",null]
7 verbose parsed url { protocol: null,
7 verbose parsed url   slashes: null,
7 verbose parsed url   auth: null,
7 verbose parsed url   host: null,
7 verbose parsed url   port: null,
7 verbose parsed url   hostname: null,
7 verbose parsed url   hash: null,
7 verbose parsed url   search: null,
7 verbose parsed url   query: null,
7 verbose parsed url   pathname: 'node-geocoder',
7 verbose parsed url   path: 'node-geocoder',
7 verbose parsed url   href: 'node-geocoder' }
8 silly lockFile 251daf80-node-geocoder node-geocoder
9 verbose lock node-geocoder /home/vincent/.npm/251daf80-node-geocoder.lock
10 silly lockFile 251daf80-node-geocoder node-geocoder
11 silly lockFile 251daf80-node-geocoder node-geocoder
12 verbose addNamed [ 'node-geocoder', '' ]
13 verbose addNamed [ null, '*' ]
14 silly lockFile b68df4f5-node-geocoder node-geocoder@
15 verbose lock node-geocoder@ /home/vincent/.npm/b68df4f5-node-geocoder.lock
16 silly addNameRange { name: 'node-geocoder', range: '*', hasData: false }
17 verbose request where is /node-geocoder
18 verbose request registry http://registry.npmjs.org/
19 verbose request id f7497f3f8f88f348
20 verbose url raw /node-geocoder
21 verbose url resolving [ 'http://registry.npmjs.org/', './node-geocoder' ]
22 verbose url resolved http://registry.npmjs.org/node-geocoder
23 verbose request where is http://registry.npmjs.org/node-geocoder
24 info trying registry request attempt 1 at 13:32:46
25 http GET http://registry.npmjs.org/node-geocoder
26 http 200 http://registry.npmjs.org/node-geocoder
27 silly registry.get cb [ 200,
27 silly registry.get   { server: 'CouchDB/1.5.0 (Erlang OTP/R16B03)',
27 silly registry.get     etag: '"BW6L91KZCX9IR13L6VJETSCM0"',
27 silly registry.get     'content-type': 'application/json',
27 silly registry.get     'cache-control': 'max-age=60',
27 silly registry.get     'content-length': '78236',
27 silly registry.get     'accept-ranges': 'bytes',
27 silly registry.get     date: 'Sat, 25 Apr 2015 17:32:46 GMT',
27 silly registry.get     via: '1.1 varnish',
27 silly registry.get     age: '0',
27 silly registry.get     connection: 'keep-alive',
27 silly registry.get     'x-served-by': 'cache-iad2133-IAD',
27 silly registry.get     'x-cache': 'MISS',
27 silly registry.get     'x-cache-hits': '0',
27 silly registry.get     'x-timer': 'S1429983166.375159,VS0,VE603',
27 silly registry.get     vary: 'Accept' } ]
28 silly addNameRange number 2 { name: 'node-geocoder', range: '*', hasData: true }
29 silly addNameRange versions [ 'node-geocoder',
29 silly addNameRange   [ '0.0.1',
29 silly addNameRange     '0.0.2',
29 silly addNameRange     '0.0.3',
29 silly addNameRange     '0.0.4',
29 silly addNameRange     '0.0.5',
29 silly addNameRange     '0.1.0',
29 silly addNameRange     '0.2.0',
29 silly addNameRange     '0.3.0',
29 silly addNameRange     '0.4.0',
29 silly addNameRange     '0.5.0',
29 silly addNameRange     '0.6.0',
29 silly addNameRange     '0.7.0',
29 silly addNameRange     '1.0.0',
29 silly addNameRange     '1.0.1',
29 silly addNameRange     '1.0.2',
29 silly addNameRange     '1.0.3',
29 silly addNameRange     '1.1.0',
29 silly addNameRange     '1.2.0',
29 silly addNameRange     '1.3.0',
29 silly addNameRange     '1.4.0',
29 silly addNameRange     '2.0.0',
29 silly addNameRange     '2.0.1',
29 silly addNameRange     '2.1.0',
29 silly addNameRange     '2.1.1',
29 silly addNameRange     '2.2.0',
29 silly addNameRange     '2.3.0',
29 silly addNameRange     '2.4.0',
29 silly addNameRange     '2.4.1',
29 silly addNameRange     '2.5.0',
29 silly addNameRange     '2.5.1',
29 silly addNameRange     '2.5.2',
29 silly addNameRange     '2.5.3',
29 silly addNameRange     '2.6.0',
29 silly addNameRange     '2.7.0',
29 silly addNameRange     '2.7.1',
29 silly addNameRange     '2.8.0',
29 silly addNameRange     '2.8.1',
29 silly addNameRange     '2.8.2',
29 silly addNameRange     '2.9.0',
29 silly addNameRange     '2.9.1',
29 silly addNameRange     '2.9.2',
29 silly addNameRange     '2.10.0',
29 silly addNameRange     '2.11.0',
29 silly addNameRange     '2.11.1',
29 silly addNameRange     '2.12.0',
29 silly addNameRange     '2.12.1',
29 silly addNameRange     '2.13.0',
29 silly addNameRange     '2.13.1',
29 silly addNameRange     '2.13.2',
29 silly addNameRange     '2.13.3',
29 silly addNameRange     '2.13.4',
29 silly addNameRange     '2.14.0',
29 silly addNameRange     '2.15.0',
29 silly addNameRange     '2.15.1',
29 silly addNameRange     '2.16.0',
29 silly addNameRange     '2.16.1',
29 silly addNameRange     '2.17.0',
29 silly addNameRange     '2.17.1',
29 silly addNameRange     '2.18.1',
29 silly addNameRange     '2.18.2',
29 silly addNameRange     '2.19.0',
29 silly addNameRange     '2.19.1',
29 silly addNameRange     '2.19.2',
29 silly addNameRange     '2.20.0' ] ]
30 verbose addNamed [ 'node-geocoder', '2.20.0' ]
31 verbose addNamed [ '2.20.0', '2.20.0' ]
32 silly lockFile e3adb456-node-geocoder-2-20-0 node-geocoder@2.20.0
33 verbose lock node-geocoder@2.20.0 /home/vincent/.npm/e3adb456-node-geocoder-2-20-0.lock
34 silly lockFile 11561cc6-eocoder-node-geocoder-2-20-0-tgz http://registry.npmjs.org/node-geocoder/-/node-geocoder-2.20.0.tgz
35 verbose lock http://registry.npmjs.org/node-geocoder/-/node-geocoder-2.20.0.tgz /home/vincent/.npm/11561cc6-eocoder-node-geocoder-2-20-0-tgz.lock
36 verbose addRemoteTarball [ 'http://registry.npmjs.org/node-geocoder/-/node-geocoder-2.20.0.tgz',
36 verbose addRemoteTarball   '8fe4ebd4d1f04409ebdccf0e8883922df4ab366a' ]
37 info retry fetch attempt 1 at 13:32:47
38 verbose fetch to= /tmp/npm-24860-rImvl2qV/registry.npmjs.org/node-geocoder/-/node-geocoder-2.20.0.tgz
39 http GET http://registry.npmjs.org/node-geocoder/-/node-geocoder-2.20.0.tgz
40 http 200 http://registry.npmjs.org/node-geocoder/-/node-geocoder-2.20.0.tgz
41 silly lockFile 11561cc6-eocoder-node-geocoder-2-20-0-tgz http://registry.npmjs.org/node-geocoder/-/node-geocoder-2.20.0.tgz
42 silly lockFile 11561cc6-eocoder-node-geocoder-2-20-0-tgz http://registry.npmjs.org/node-geocoder/-/node-geocoder-2.20.0.tgz
43 silly lockFile e3adb456-node-geocoder-2-20-0 node-geocoder@2.20.0
44 silly lockFile e3adb456-node-geocoder-2-20-0 node-geocoder@2.20.0
45 silly lockFile b68df4f5-node-geocoder node-geocoder@
46 silly lockFile b68df4f5-node-geocoder node-geocoder@
47 silly resolved [ { name: 'node-geocoder',
47 silly resolved     version: '2.20.0',
47 silly resolved     description: 'Node Geocoder, node geocoding library, supports google maps, mapquest, open street map, tom tom, promise',
47 silly resolved     main: 'index.js',
47 silly resolved     scripts: { test: 'mocha --check-leaks', lint: 'jshint lib test' },
47 silly resolved     bin:
47 silly resolved      { geocoder: 'bin/geocoder',
47 silly resolved        'geocoder-reverse': 'bin/geocoder-reverse' },
47 silly resolved     repository:
47 silly resolved      { type: 'git',
47 silly resolved        url: 'https://github.com/nchaulet/node-geocoder.git' },
47 silly resolved     keywords:
47 silly resolved      [ 'geocoder',
47 silly resolved        'geocoding',
47 silly resolved        'geo',
47 silly resolved        'google',
47 silly resolved        'maps',
47 silly resolved        'mapquest',
47 silly resolved        'agol',
47 silly resolved        'arcgis',
47 silly resolved        'tomtom' ],
47 silly resolved     author: { name: 'nchaulet' },
47 silly resolved     license: 'MIT',
47 silly resolved     bugs: { url: 'https://github.com/nchaulet/node-geocoder/issues' },
47 silly resolved     dependencies: { commander: '^2.6.0', q: '^1.1.2' },
47 silly resolved     devDependencies:
47 silly resolved      { chai: '^1.8.1',
47 silly resolved        jshint: '^2.5.11',
47 silly resolved        mocha: '^1.14.0',
47 silly resolved        sinon: '^1.7.3' },
47 silly resolved     gitHead: 'ae9c9dd635a33d7d7ff269e156b3a20e5da02da4',
47 silly resolved     homepage: 'https://github.com/nchaulet/node-geocoder',
47 silly resolved     _id: 'node-geocoder@2.20.0',
47 silly resolved     _shasum: '8fe4ebd4d1f04409ebdccf0e8883922df4ab366a',
47 silly resolved     _from: 'node-geocoder@',
47 silly resolved     _npmVersion: '2.1.11',
47 silly resolved     _nodeVersion: '0.10.33',
47 silly resolved     _npmUser: { name: 'nchaulet', email: 'n.chaulet@gmail.com' },
47 silly resolved     maintainers: [ [Object] ],
47 silly resolved     dist:
47 silly resolved      { shasum: '8fe4ebd4d1f04409ebdccf0e8883922df4ab366a',
47 silly resolved        tarball: 'http://registry.npmjs.org/node-geocoder/-/node-geocoder-2.20.0.tgz' },
47 silly resolved     directories: {},
47 silly resolved     _resolved: 'http://registry.npmjs.org/node-geocoder/-/node-geocoder-2.20.0.tgz' } ]
48 info install node-geocoder@2.20.0 into /usr/lib
49 info installOne node-geocoder@2.20.0
50 verbose lib/node_modules/node-geocoder unbuild
51 verbose tar unpack /home/vincent/.npm/node-geocoder/2.20.0/package.tgz
52 silly lockFile fe064f76-r-lib-node-modules-node-geocoder tar:///usr/lib/node_modules/node-geocoder
53 verbose lock tar:///usr/lib/node_modules/node-geocoder /home/vincent/.npm/fe064f76-r-lib-node-modules-node-geocoder.lock
54 silly lockFile c9adfbda-node-geocoder-2-20-0-package-tgz tar:///home/vincent/.npm/node-geocoder/2.20.0/package.tgz
55 verbose lock tar:///home/vincent/.npm/node-geocoder/2.20.0/package.tgz /home/vincent/.npm/c9adfbda-node-geocoder-2-20-0-package-tgz.lock
56 silly gunzTarPerm modes [ '775', '664' ]
57 error Error: EACCES, mkdir '/usr/lib/node_modules/node-geocoder'
57 error  { [Error: EACCES, mkdir '/usr/lib/node_modules/node-geocoder']
57 error   errno: 3,
57 error   code: 'EACCES',
57 error   path: '/usr/lib/node_modules/node-geocoder',
57 error   fstream_type: 'Directory',
57 error   fstream_path: '/usr/lib/node_modules/node-geocoder',
57 error   fstream_class: 'DirWriter',
57 error   fstream_stack:
57 error    [ '/usr/lib/node_modules/npm/node_modules/fstream/lib/dir-writer.js:36:23',
57 error      '/usr/lib/node_modules/npm/node_modules/mkdirp/index.js:46:53',
57 error      'Object.oncomplete (fs.js:108:15)' ] }
58 error Please try running this command again as root/Administrator.
59 error System Linux 3.8.0-44-generic
60 error command "/usr/bin/node" "/usr/bin/npm" "install" "-g" "node-geocoder"
61 error cwd /home/vincent/Documents/CIS450/cis550-project
62 error node -v v0.10.37
63 error npm -v 1.4.28
64 error path /usr/lib/node_modules/node-geocoder
65 error fstream_path /usr/lib/node_modules/node-geocoder
66 error fstream_type Directory
67 error fstream_class DirWriter
68 error code EACCES
69 error errno 3
70 error stack Error: EACCES, mkdir '/usr/lib/node_modules/node-geocoder'
71 error fstream_stack /usr/lib/node_modules/npm/node_modules/fstream/lib/dir-writer.js:36:23
71 error fstream_stack /usr/lib/node_modules/npm/node_modules/mkdirp/index.js:46:53
71 error fstream_stack Object.oncomplete (fs.js:108:15)
72 verbose exit [ 3, true ]
